[debug] [2025-02-18T08:48:57.518Z] ----------------------------------------------------------------------
[debug] [2025-02-18T08:48:57.521Z] Command:       C:\Program Files\nodejs\node.exe C:\Users\Tanar\AppData\Roaming\npm\node_modules\firebase-tools\lib\bin\firebase.js emulators:start --only functions
[debug] [2025-02-18T08:48:57.521Z] CLI Version:   13.30.0
[debug] [2025-02-18T08:48:57.521Z] Platform:      win32
[debug] [2025-02-18T08:48:57.521Z] Node Version:  v20.17.0
[debug] [2025-02-18T08:48:57.521Z] Time:          Tue Feb 18 2025 09:48:57 GMT+0100 (közép-európai téli idő)
[debug] [2025-02-18T08:48:57.522Z] ----------------------------------------------------------------------
[debug] 
[debug] [2025-02-18T08:48:57.525Z] >>> [apiv2][query] GET https://firebase-public.firebaseio.com/cli.json [none]
[debug] [2025-02-18T08:48:57.804Z] > command requires scopes: ["email","openid","https://www.googleapis.com/auth/cloudplatformprojects.readonly","https://www.googleapis.com/auth/firebase","https://www.googleapis.com/auth/cloud-platform"]
[debug] [2025-02-18T08:48:57.804Z] > authorizing via signed-in user (jagerattila@gmail.com)
[info] i  emulators: Starting emulators: functions {"metadata":{"emulator":{"name":"hub"},"message":"Starting emulators: functions"}}
[debug] [2025-02-18T08:48:57.813Z] [logging] Logging Emulator only supports listening on one address (127.0.0.1). Not listening on ::1
[debug] [2025-02-18T08:48:57.814Z] assigned listening specs for emulators {"user":{"hub":[{"address":"127.0.0.1","family":"IPv4","port":4400},{"address":"::1","family":"IPv6","port":4400}],"ui":[{"address":"127.0.0.1","family":"IPv4","port":4000},{"address":"::1","family":"IPv6","port":4000}],"logging":[{"address":"127.0.0.1","family":"IPv4","port":4500}]},"metadata":{"message":"assigned listening specs for emulators"}}
[debug] [2025-02-18T08:48:57.818Z] [hub] writing locator at C:\Users\Tanar\AppData\Local\Temp\hub-spider-116a2.json
[debug] [2025-02-18T08:48:57.844Z] [functions] Functions Emulator only supports listening on one address (127.0.0.1). Not listening on ::1
[debug] [2025-02-18T08:48:57.844Z] [eventarc] Eventarc Emulator only supports listening on one address (127.0.0.1). Not listening on ::1
[debug] [2025-02-18T08:48:57.845Z] [tasks] Cloud Tasks Emulator only supports listening on one address (127.0.0.1). Not listening on ::1
[debug] [2025-02-18T08:48:57.845Z] late-assigned ports for functions and eventarc emulators {"user":{"hub":[{"address":"127.0.0.1","family":"IPv4","port":4400},{"address":"::1","family":"IPv6","port":4400}],"ui":[{"address":"127.0.0.1","family":"IPv4","port":4000},{"address":"::1","family":"IPv6","port":4000}],"logging":[{"address":"127.0.0.1","family":"IPv4","port":4500}],"functions":[{"address":"127.0.0.1","family":"IPv4","port":5001}],"eventarc":[{"address":"127.0.0.1","family":"IPv4","port":9299}],"tasks":[{"address":"127.0.0.1","family":"IPv4","port":9499}]},"metadata":{"message":"late-assigned ports for functions and eventarc emulators"}}
[warn] !  functions: The following emulators are not running, calls to these services from the Functions emulator will affect production: apphosting, auth, firestore, database, hosting, pubsub, storage, dataconnect {"metadata":{"emulator":{"name":"functions"},"message":"The following emulators are not running, calls to these services from the Functions emulator will affect production: \u001b[1mapphosting, auth, firestore, database, hosting, pubsub, storage, dataconnect\u001b[22m"}}
[debug] [2025-02-18T08:48:57.848Z] defaultcredentials: writing to file C:\Users\Tanar\AppData\Roaming\firebase\jagerattila_gmail_com_application_default_credentials.json
[debug] [2025-02-18T08:48:57.851Z] Setting GAC to C:\Users\Tanar\AppData\Roaming\firebase\jagerattila_gmail_com_application_default_credentials.json {"metadata":{"emulator":{"name":"functions"},"message":"Setting GAC to C:\\Users\\Tanar\\AppData\\Roaming\\firebase\\jagerattila_gmail_com_application_default_credentials.json"}}
[debug] [2025-02-18T08:48:57.852Z] Checked if tokens are valid: false, expires at: 1739785190061
[debug] [2025-02-18T08:48:57.852Z] Checked if tokens are valid: false, expires at: 1739785190061
[debug] [2025-02-18T08:48:57.852Z] > refreshing access token with scopes: []
[debug] [2025-02-18T08:48:57.853Z] >>> [apiv2][query] POST https://www.googleapis.com/oauth2/v3/token [none]
[debug] [2025-02-18T08:48:57.853Z] >>> [apiv2][body] POST https://www.googleapis.com/oauth2/v3/token [omitted]
[debug] [2025-02-18T08:48:57.960Z] <<< [apiv2][status] POST https://www.googleapis.com/oauth2/v3/token 200
[debug] [2025-02-18T08:48:57.961Z] <<< [apiv2][body] POST https://www.googleapis.com/oauth2/v3/token [omitted]
[debug] [2025-02-18T08:48:57.973Z] >>> [apiv2][query] GET https://firebase.googleapis.com/v1beta1/projects/spider-116a2/adminSdkConfig [none]
[debug] [2025-02-18T08:48:58.110Z] <<< [apiv2][status] GET https://firebase-public.firebaseio.com/cli.json 200
[debug] [2025-02-18T08:48:58.110Z] <<< [apiv2][body] GET https://firebase-public.firebaseio.com/cli.json {"cloudBuildErrorAfter":1594252800000,"cloudBuildWarnAfter":1590019200000,"defaultNode10After":1594252800000,"minVersion":"3.0.5","node8DeploysDisabledAfter":1613390400000,"node8RuntimeDisabledAfter":1615809600000,"node8WarnAfter":1600128000000}
[debug] [2025-02-18T08:48:58.814Z] <<< [apiv2][status] GET https://firebase.googleapis.com/v1beta1/projects/spider-116a2/adminSdkConfig 200
[debug] [2025-02-18T08:48:58.814Z] <<< [apiv2][body] GET https://firebase.googleapis.com/v1beta1/projects/spider-116a2/adminSdkConfig {"projectId":"spider-116a2","databaseURL":"https://spider-116a2-default-rtdb.europe-west1.firebasedatabase.app","storageBucket":"spider-116a2.firebasestorage.app"}
[info] i  functions: Watching "C:\Users\Tanar\Desktop\20250217\ProjectAngulat18Auth_Alap\functions" for Cloud Functions... {"metadata":{"emulator":{"name":"functions"},"message":"Watching \"C:\\Users\\Tanar\\Desktop\\20250217\\ProjectAngulat18Auth_Alap\\functions\" for Cloud Functions..."}}
[debug] [2025-02-18T08:48:58.854Z] Validating nodejs source
[warn] !  functions: package.json indicates an outdated version of firebase-functions. Please upgrade using npm install --save firebase-functions@latest in your functions directory. 
[debug] [2025-02-18T08:48:59.751Z] > [functions] package.json contents: {
  "name": "functions",
  "description": "Cloud Functions for Firebase",
  "scripts": {
    "serve": "firebase emulators:start --only functions",
    "shell": "firebase functions:shell",
    "start": "npm run shell",
    "deploy": "firebase deploy --only functions",
    "logs": "firebase functions:log"
  },
  "engines": {
    "node": "20"
  },
  "main": "index.js",
  "dependencies": {
    "body-parser": "^1.20.3",
    "cors": "^2.8.5",
    "express": "^4.21.1",
    "firebase-admin": "^12.7.0",
    "firebase-functions": "^6.1.2",
    "functions": "file:"
  },
  "devDependencies": {
    "firebase-functions-test": "^3.1.0"
  },
  "private": true
}
[debug] [2025-02-18T08:48:59.752Z] Building nodejs source
[debug] [2025-02-18T08:48:59.752Z] Failed to find version of module node: reached end of search path C:\Users\Tanar\Desktop\20250217\ProjectAngulat18Auth_Alap\functions\node_modules
[info] +  functions: Using node@20 from host. 
[debug] [2025-02-18T08:48:59.755Z] Could not find functions.yaml. Must use http discovery
[debug] [2025-02-18T08:48:59.762Z] Found firebase-functions binary at 'C:\Users\Tanar\Desktop\20250217\ProjectAngulat18Auth_Alap\functions\node_modules\.bin\firebase-functions'
[info] Serving at port 8246

[debug] [2025-02-18T08:49:00.568Z] Got response from /__/functions.yaml {"endpoints":{"api":{"availableMemoryMb":null,"timeoutSeconds":null,"minInstances":null,"maxInstances":null,"ingressSettings":null,"concurrency":null,"serviceAccountEmail":null,"vpc":null,"platform":"gcfv2","labels":{},"httpsTrigger":{},"entryPoint":"api"}},"specVersion":"v1alpha1","requiredAPIs":[],"extensions":{}}
[info] +  functions: Loaded functions definitions from source: api. {"metadata":{"emulator":{"name":"functions"},"message":"Loaded functions definitions from source: api."}}
[info] +  functions[us-central1-api]: http function initialized (http://127.0.0.1:5001/spider-116a2/us-central1/api). {"metadata":{"emulator":{"name":"functions"},"message":"\u001b[1mhttp\u001b[22m function initialized (http://127.0.0.1:5001/spider-116a2/us-central1/api)."}}
[debug] [2025-02-18T08:49:05.624Z] Could not find VSCode notification endpoint: FetchError: request to http://localhost:40001/vscode/notify failed, reason: . If you are not running the Firebase Data Connect VSCode extension, this is expected and not an issue.
[info] 
┌─────────────────────────────────────────────────────────────┐
│ ✔  All emulators ready! It is now safe to connect your app. │
│ i  View Emulator UI at http://127.0.0.1:4000/               │
└─────────────────────────────────────────────────────────────┘

┌───────────┬────────────────┬─────────────────────────────────┐
│ Emulator  │ Host:Port      │ View in Emulator UI             │
├───────────┼────────────────┼─────────────────────────────────┤
│ Functions │ 127.0.0.1:5001 │ http://127.0.0.1:4000/functions │
└───────────┴────────────────┴─────────────────────────────────┘
  Emulator Hub running at 127.0.0.1:4400
  Other reserved ports: 4500

Issues? Report them at https://github.com/firebase/firebase-tools/issues and attach the *-debug.log files.
 
[debug] [2025-02-18T08:55:36.834Z] Functions emulator received unknown request at path /callback
[debug] [2025-02-18T08:55:55.080Z] Functions emulator received unknown request at path /callback
[debug] [2025-02-18T08:56:49.347Z] Functions emulator received unknown request at path /callback
[debug] [2025-02-18T08:59:32.014Z] Functions emulator received unknown request at path /callback
[debug] [2025-02-18T09:07:38.468Z] Functions emulator received unknown request at path /callback
[debug] [2025-02-18T09:24:17.187Z] Functions emulator received unknown request at path /callback
[debug] [2025-02-18T09:24:35.587Z] Functions emulator received unknown request at path /callback
[debug] [2025-02-18T09:25:30.068Z] Functions emulator received unknown request at path /callback
[debug] [2025-02-18T09:28:12.898Z] Functions emulator received unknown request at path /callback
[debug] [2025-02-18T09:31:57.076Z] Functions emulator received unknown request at path /callback
[debug] [2025-02-18T09:36:19.286Z] Functions emulator received unknown request at path /callback
